MODEL_NAME: jigsaw_finetune_everyday
MODULE: experiments
BATCH_SIZE: 4
NUM_WORKERS: 4
LOG_FILE_NAME: 
MODEL_SAVE_PATH: results/jigsaw_finetune_everyday/model_save
DATASET: breaking_bad.all_piece_matching
PROJECT: jigsaw
TRAIN:
  NUM_EPOCHS: 100
  OPTIMIZER: SGD
  LR: 0.0001
  LR_SCHEDULER: cosine
  LR_DECAY: 100.0
  LR_STEP: [10, 20]
  WARMUP_RATIO: 0.0
  CLIP_GRAD: None
  beta1: 0
  beta2: 0.9
  WEIGHT_DECAY: 0.0
  MOMENTUM: 0.9
  VAL_EVERY: 5
  VIS: True
  VAL_SAMPLE_VIS: 5
  LOSS: 
CALLBACK:
  MATCHING_TASK: ['trans']
  CHECKPOINT_MONITOR: val/mat_f1
  CHECKPOINT_MODE: max
LOSS:
EVAL:
GPUS: [0]
PARALLEL_STRATEGY: ddp
FP16: False
CUDNN: False
WEIGHT_FILE: checkpoint/jigsaw_multi_4x4_128_512_250e_cosine_everyday_weights.pt
OUTPUT_PATH: results/jigsaw_finetune_everyday
STATISTIC_STEP: 100
RANDOM_SEED: 42
STATS: ./results/jigsaw_finetune_everyday/stats/eval
MODEL:
  ROT_TYPE: rmat
  PC_FEAT_DIM: 128
  AFF_FEAT_DIM: 512
  AFFINITY: aff_dual
  ENCODER: pointnet2_pt.msg.dynamic
  TEST_S_MASK: True
  PC_CLS_METHOD: multi
  PC_NUM_CLS: 2
  SINKHORN_MAXITER: 20
  SINKHORN_TAU: 0.05
  TF_NUM_HEADS: 8
  TF_NUM_SAMPLE: 16
  LOSS:
    w_cls_loss: 1.0
    w_mat_loss: 1.0
    mat_epoch: 0
    w_rig_loss: 1.0
    rig_epoch: 30
DATA:
  DATA_DIR: /workspace/everyday_all_2
  DATA_FN: everyday.{}.txt
  DATA_KEYS: ['part_ids']
  SUBSET: everyday
  CATEGORY: 
  ALL_CATEGORY: ['BeerBottle', 'Bowl', 'Cup', 'DrinkingUtensil', 'Mug', 'Plate', 'Spoon', 'Teacup', 'ToyFigure', 'WineBottle', 'Bottle', 'Cookie', 'DrinkBottle', 'Mirror', 'PillBottle', 'Ring', 'Statue', 'Teapot', 'Vase', 'WineGlass']
  ROT_RANGE: -1.0
  NUM_PC_POINTS: 5000
  MIN_PART_POINT: 30
  MIN_NUM_PART: 2
  MAX_NUM_PART: 20
  SHUFFLE_PARTS: False
  SAMPLE_BY: area
  LENGTH: -1
  TEST_LENGTH: -1
  OVERFIT: -1
  FRACTURE_LABEL_THRESHOLD: 0.025
  COLORS: [[0, 204, 0], [204, 0, 0], [0, 0, 204], [127, 127, 0], [127, 0, 127], [0, 127, 127], [76, 153, 0], [153, 0, 76], [76, 0, 153], [153, 76, 0], [76, 0, 153], [153, 0, 76], [204, 51, 127], [204, 51, 127], [51, 204, 127], [51, 127, 204], [127, 51, 204], [127, 204, 51], [76, 76, 178], [76, 178, 76], [178, 76, 76]]
[train] Loaded 4955 pairs from /workspace/everyday_all_2/everyday.train.txt
[val] Loaded 635 pairs from /workspace/everyday_all_2/everyday.val.txt
INFO: All weights loaded successfully for fine-tuning
Starting training...
Sanity Checking: 0it [00:00, ?it/s]Sanity Checking:   0%|          | 0/2 [00:00<?, ?it/s]Sanity Checking DataLoader 0:   0%|          | 0/2 [00:00<?, ?it/s]Sanity Checking DataLoader 0:  50%|#####     | 1/2 [00:01<00:01,  1.88s/it]Sanity Checking DataLoader 0: 100%|##########| 2/2 [00:02<00:00,  1.35s/it]                                                                           Training: 0it [00:00, ?it/s]Training:   0%|          | 0/1238 [00:00<?, ?it/s]Epoch 0:   0%|          | 0/1238 [00:00<?, ?it/s] 